[0129/151509.348:ERROR:crash_report_database_win.cc(569)] CreateDirectory C:\Users\KARTHI~1\AppData\Local\Temp\scoped_dir13156_5359\Crashpad: There is not enough space on the disk. (0x70)
[0129/151509.352:ERROR:registration_protocol_win.cc(84)] TransactNamedPipe: The pipe has been ended. (0x6D)
[0129/151509.362:ERROR:crash_report_database_win.cc(569)] CreateDirectory C:\Users\KARTHI~1\AppData\Local\Temp\scoped_dir13156_5359\Crashpad: There is not enough space on the disk. (0x70)
[0129/153633.427:ERROR:crash_report_database_win.cc(569)] CreateDirectory C:\Users\KARTHI~1\AppData\Local\Temp\scoped_dir11568_31099\Crashpad: There is not enough space on the disk. (0x70)
[0214/122317.675:ERROR:prune_crash_reports.cc(34)] PruneCrashReportDatabase: Failed to get pending reports
[0506/143231.089:ERROR:process_info.cc(359)] UncheckedAllocate
[0506/165432.004:ERROR:process_info.cc(359)] UncheckedAllocate
[0506/165432.123:ERROR:process_reader_win.cc(151)] SuspendThread: Access is denied. (0x5)
[0506/165432.123:ERROR:process_reader_win.cc(151)] SuspendThread: Access is denied. (0x5)
[0506/165432.124:ERROR:process_reader_win.cc(151)] SuspendThread: Access is denied. (0x5)
[0506/165432.124:ERROR:process_reader_win.cc(151)] SuspendThread: Access is denied. (0x5)
[0506/165432.124:ERROR:process_reader_win.cc(151)] SuspendThread: Access is denied. (0x5)
[0506/165432.124:ERROR:process_reader_win.cc(151)] SuspendThread: Access is denied. (0x5)
[0506/165432.124:ERROR:exception_snapshot_win.cc(98)] thread ID 26784 not found in process
[0513/124141.441:ERROR:prune_crash_reports.cc(34)] PruneCrashReportDatabase: Failed to get pending reports
[0513/130512.386:ERROR:prune_crash_reports.cc(34)] PruneCrashReportDatabase: Failed to get pending reports
[0514/130512.620:ERROR:prune_crash_reports.cc(34)] PruneCrashReportDatabase: Failed to get pending reports
[0515/130513.090:ERROR:prune_crash_reports.cc(34)] PruneCrashReportDatabase: Failed to get pending reports
[0516/161446.177:ERROR:process_info.cc(359)] UncheckedAllocate
[0516/161513.923:ERROR:process_info.cc(359)] UncheckedAllocate
[0516/171852.578:ERROR:process_info.cc(359)] UncheckedAllocate
[0516/171852.745:ERROR:process_info.cc(359)] UncheckedAllocate
[0516/171852.651:ERROR:file_io.cc(134)] WriteFile: Error (0x13D) while retrieving error. (0x8)
[0516/171852.783:ERROR:crash_report_exception_handler.cc(111)] WriteEverything failed
[0516/171852.786:ERROR:filesystem_win.cc(148)] DeleteFile C:\Users\myurie\AppData\Local\Temp\scoped_dir8032_18075\Crashpad\reports\9897ef66-f052-4e6e-9c42-b89f32eeac6a.dmp: Error (0x13D) while retrieving error. (0x20)
[0517/111611.391:ERROR:process_info.cc(359)] UncheckedAllocate
[0517/172715.729:ERROR:process_info.cc(359)] UncheckedAllocate
[0517/174010.450:ERROR:process_info.cc(359)] UncheckedAllocate
[0520/165114.364:ERROR:prune_crash_reports.cc(34)] PruneCrashReportDatabase: Failed to get pending reports
[0521/114828.252:ERROR:prune_crash_reports.cc(34)] PruneCrashReportDatabase: Failed to get pending reports
[0521/115321.779:ERROR:prune_crash_reports.cc(34)] PruneCrashReportDatabase: Failed to get pending reports
